0 info it worked if it ends with ok
1 verbose cli [ '/usr/local/bin/node',
1 verbose cli   '/usr/local/bin/npm',
1 verbose cli   'install',
1 verbose cli   '-g',
1 verbose cli   'yo' ]
2 info using npm@2.15.1
3 info using node@v4.4.3
4 verbose install initial load of /usr/local/lib/package.json
5 verbose readDependencies loading dependencies from /usr/local/lib/package.json
6 silly cache add args [ 'yo', null ]
7 verbose cache add spec yo
8 silly cache add parsed spec Result {
8 silly cache add   raw: 'yo',
8 silly cache add   scope: null,
8 silly cache add   name: 'yo',
8 silly cache add   rawSpec: '',
8 silly cache add   spec: 'latest',
8 silly cache add   type: 'tag' }
9 silly addNamed yo@latest
10 verbose addNamed "latest" is being treated as a dist-tag for yo
11 info addNameTag [ 'yo', 'latest' ]
12 silly mapToRegistry name yo
13 silly mapToRegistry using default registry
14 silly mapToRegistry registry https://registry.npmjs.org/
15 silly mapToRegistry data Result {
15 silly mapToRegistry   raw: 'yo',
15 silly mapToRegistry   scope: null,
15 silly mapToRegistry   name: 'yo',
15 silly mapToRegistry   rawSpec: '',
15 silly mapToRegistry   spec: 'latest',
15 silly mapToRegistry   type: 'tag' }
16 silly mapToRegistry uri https://registry.npmjs.org/yo
17 verbose addNameTag registry:https://registry.npmjs.org/yo not in flight; fetching
18 verbose request uri https://registry.npmjs.org/yo
19 verbose request no auth needed
20 info attempt registry request try #1 at 4:53:21 PM
21 verbose request id 960256770d308a91
22 http request GET https://registry.npmjs.org/yo
23 http 200 https://registry.npmjs.org/yo
24 verbose headers { server: 'CouchDB/1.5.0 (Erlang OTP/R16B03)',
24 verbose headers   etag: '"M4V500PPHCGIY62L3ZI4XYJJ"',
24 verbose headers   'content-type': 'application/json',
24 verbose headers   'content-encoding': 'gzip',
24 verbose headers   'cache-control': 'max-age=300',
24 verbose headers   'content-length': '9423',
24 verbose headers   'accept-ranges': 'bytes',
24 verbose headers   date: 'Thu, 05 May 2016 11:22:04 GMT',
24 verbose headers   via: '1.1 varnish',
24 verbose headers   age: '60',
24 verbose headers   connection: 'keep-alive',
24 verbose headers   'x-served-by': 'cache-sin6925-SIN',
24 verbose headers   'x-cache': 'HIT',
24 verbose headers   'x-cache-hits': '36',
24 verbose headers   'x-timer': 'S1462447324.466987,VS0,VE0',
24 verbose headers   vary: 'Accept-Encoding' }
25 silly get cb [ 200,
25 silly get   { server: 'CouchDB/1.5.0 (Erlang OTP/R16B03)',
25 silly get     etag: '"M4V500PPHCGIY62L3ZI4XYJJ"',
25 silly get     'content-type': 'application/json',
25 silly get     'content-encoding': 'gzip',
25 silly get     'cache-control': 'max-age=300',
25 silly get     'content-length': '9423',
25 silly get     'accept-ranges': 'bytes',
25 silly get     date: 'Thu, 05 May 2016 11:22:04 GMT',
25 silly get     via: '1.1 varnish',
25 silly get     age: '60',
25 silly get     connection: 'keep-alive',
25 silly get     'x-served-by': 'cache-sin6925-SIN',
25 silly get     'x-cache': 'HIT',
25 silly get     'x-cache-hits': '36',
25 silly get     'x-timer': 'S1462447324.466987,VS0,VE0',
25 silly get     vary: 'Accept-Encoding' } ]
26 verbose get saving yo to /Users/vignesh/.npm/registry.npmjs.org/yo/.cache.json
27 verbose correctMkdir /Users/vignesh/.npm correctMkdir not in flight; initializing
28 silly addNameTag next cb for yo with tag latest
29 silly addNamed yo@1.7.0
30 verbose addNamed "1.7.0" is a plain semver version for yo
31 silly mapToRegistry name yo
32 silly mapToRegistry using default registry
33 silly mapToRegistry registry https://registry.npmjs.org/
34 silly mapToRegistry data Result {
34 silly mapToRegistry   raw: 'yo',
34 silly mapToRegistry   scope: null,
34 silly mapToRegistry   name: 'yo',
34 silly mapToRegistry   rawSpec: '',
34 silly mapToRegistry   spec: 'latest',
34 silly mapToRegistry   type: 'tag' }
35 silly mapToRegistry uri https://registry.npmjs.org/yo
36 verbose addRemoteTarball https://registry.npmjs.org/yo/-/yo-1.7.0.tgz not in flight; adding
37 verbose addRemoteTarball [ 'https://registry.npmjs.org/yo/-/yo-1.7.0.tgz',
37 verbose addRemoteTarball   'eb354d2e40dd0ac50277bfa7177a4470897a8655' ]
38 info retry fetch attempt 1 at 4:53:21 PM
39 info attempt registry request try #1 at 4:53:21 PM
40 http fetch GET https://registry.npmjs.org/yo/-/yo-1.7.0.tgz
41 http fetch 200 https://registry.npmjs.org/yo/-/yo-1.7.0.tgz
42 silly fetchAndShaCheck shasum eb354d2e40dd0ac50277bfa7177a4470897a8655
43 verbose addTmpTarball /var/folders/xc/cng79r3163sbqbbd9bqxxkdm0000gp/T/npm-79414-44ffef24/registry.npmjs.org/yo/-/yo-1.7.0.tgz not in flight; adding
44 verbose addTmpTarball already have metadata; skipping unpack for yo@1.7.0
45 verbose correctMkdir /Users/vignesh/.npm correctMkdir not in flight; initializing
46 silly cache afterAdd yo@1.7.0
47 verbose afterAdd /Users/vignesh/.npm/yo/1.7.0/package/package.json not in flight; writing
48 verbose correctMkdir /Users/vignesh/.npm correctMkdir not in flight; initializing
49 verbose afterAdd /Users/vignesh/.npm/yo/1.7.0/package/package.json written
50 silly install resolved [ { name: 'yo',
50 silly install resolved     version: '1.7.0',
50 silly install resolved     description: 'CLI tool for running Yeoman generators',
50 silly install resolved     homepage: 'https://github.com/yeoman/yo#readme',
50 silly install resolved     author: { name: 'Yeoman' },
50 silly install resolved     files: [ 'lib' ],
50 silly install resolved     main: 'lib/index.js',
50 silly install resolved     keywords:
50 silly install resolved      [ 'cli-app',
50 silly install resolved        'cli',
50 silly install resolved        'front-end',
50 silly install resolved        'development',
50 silly install resolved        'dev',
50 silly install resolved        'build',
50 silly install resolved        'web',
50 silly install resolved        'tool',
50 silly install resolved        'scaffold',
50 silly install resolved        'stack',
50 silly install resolved        'yeoman',
50 silly install resolved        'generator',
50 silly install resolved        'generate',
50 silly install resolved        'app',
50 silly install resolved        'boilerplate' ],
50 silly install resolved     license: 'BSD-2-Clause',
50 silly install resolved     repository: { type: 'git', url: 'git+https://github.com/yeoman/yo.git' },
50 silly install resolved     bin: { yo: 'lib/cli.js' },
50 silly install resolved     engines: { node: '>=0.12.0' },
50 silly install resolved     scripts:
50 silly install resolved      { test: 'gulp',
50 silly install resolved        postinstall: 'yodoctor',
50 silly install resolved        postupdate: 'yodoctor',
50 silly install resolved        prepublish: 'gulp prepublish' },
50 silly install resolved     dependencies:
50 silly install resolved      { async: '^1.0.0',
50 silly install resolved        chalk: '^1.0.0',
50 silly install resolved        'cli-list': '^0.1.1',
50 silly install resolved        configstore: '^1.0.0',
50 silly install resolved        'cross-spawn-async': '^2.0.0',
50 silly install resolved        figures: '^1.3.5',
50 silly install resolved        fullname: '^2.0.0',
50 silly install resolved        got: '^5.0.0',
50 silly install resolved        'humanize-string': '^1.0.0',
50 silly install resolved        inquirer: '^0.11.0',
50 silly install resolved        insight: '^0.7.0',
50 silly install resolved        lodash: '^3.2.0',
50 silly install resolved        meow: '^3.0.0',
50 silly install resolved        'npm-keyword': '^4.1.0',
50 silly install resolved        opn: '^3.0.2',
50 silly install resolved        'package-json': '^2.1.0',
50 silly install resolved        'read-pkg-up': '^1.0.1',
50 silly install resolved        repeating: '^2.0.0',
50 silly install resolved        'root-check': '^1.0.0',
50 silly install resolved        'sort-on': '^1.0.0',
50 silly install resolved        'string-length': '^1.0.0',
50 silly install resolved        titleize: '^1.0.0',
50 silly install resolved        'update-notifier': '^0.6.0',
50 silly install resolved        'user-home': '^2.0.0',
50 silly install resolved        'yeoman-character': '^1.0.0',
50 silly install resolved        'yeoman-doctor': '^2.0.0',
50 silly install resolved        'yeoman-environment': '^1.5.0',
50 silly install resolved        yosay: '^1.0.0' },
50 silly install resolved     devDependencies:
50 silly install resolved      { mocha: '^2.1.0',
50 silly install resolved        mockery: '^1.4.0',
50 silly install resolved        nock: '^2.0.1',
50 silly install resolved        nsp: '^2.2.0',
50 silly install resolved        proxyquire: '^1.0.1',
50 silly install resolved        'registry-url': '^3.0.0',
50 silly install resolved        sinon: '^1.12.1',
50 silly install resolved        gulp: '^3.6.0',
50 silly install resolved        'gulp-eslint': '^1.0.0',
50 silly install resolved        'gulp-exclude-gitignore': '^1.0.0',
50 silly install resolved        'gulp-istanbul': '^0.9.0',
50 silly install resolved        'gulp-mocha': '^2.0.0',
50 silly install resolved        'gulp-plumber': '^1.0.0',
50 silly install resolved        'gulp-nsp': '^2.1.0',
50 silly install resolved        'gulp-coveralls': '^0.1.0' },
50 silly install resolved     gitHead: 'ce739d33a387aecb134627816cbddf960cab9b1f',
50 silly install resolved     bugs: { url: 'https://github.com/yeoman/yo/issues' },
50 silly install resolved     _id: 'yo@1.7.0',
50 silly install resolved     _shasum: 'eb354d2e40dd0ac50277bfa7177a4470897a8655',
50 silly install resolved     _from: 'yo@latest',
50 silly install resolved     _npmVersion: '3.5.3',
50 silly install resolved     _nodeVersion: '5.5.0',
50 silly install resolved     _npmUser: { name: 'sboudrias', email: 'admin@simonboudrias.com' },
50 silly install resolved     dist:
50 silly install resolved      { shasum: 'eb354d2e40dd0ac50277bfa7177a4470897a8655',
50 silly install resolved        tarball: 'https://registry.npmjs.org/yo/-/yo-1.7.0.tgz' },
50 silly install resolved     maintainers:
50 silly install resolved      [ [Object],
50 silly install resolved        [Object],
50 silly install resolved        [Object],
50 silly install resolved        [Object],
50 silly install resolved        [Object],
50 silly install resolved        [Object],
50 silly install resolved        [Object] ],
50 silly install resolved     _npmOperationalInternal:
50 silly install resolved      { host: 'packages-9-west.internal.npmjs.com',
50 silly install resolved        tmp: 'tmp/yo-1.7.0.tgz_1456519776662_0.09777535311877728' },
50 silly install resolved     directories: {},
50 silly install resolved     _resolved: 'https://registry.npmjs.org/yo/-/yo-1.7.0.tgz' } ]
51 info install yo@1.7.0 into /usr/local/lib
52 info installOne yo@1.7.0
53 verbose installOne of yo to /usr/local/lib not in flight; installing
54 verbose correctMkdir /Users/vignesh/.npm/_locks correctMkdir not in flight; initializing
55 verbose lock using /Users/vignesh/.npm/_locks/yo-c80abb7e04f27e35.lock for /usr/local/lib/node_modules/yo
56 silly install write writing yo 1.7.0 to /usr/local/lib/node_modules/yo
57 verbose unbuild lib/node_modules/yo
58 silly gentlyRm /usr/local/lib/node_modules/yo is being purged from base /usr/local
59 verbose gentlyRm don't care about contents; nuking /usr/local/lib/node_modules/yo
60 verbose tar unpack /Users/vignesh/.npm/yo/1.7.0/package.tgz
61 verbose tar unpacking to /usr/local/lib/node_modules/yo
62 silly gentlyRm /usr/local/lib/node_modules/yo is being purged
63 verbose gentlyRm don't care about contents; nuking /usr/local/lib/node_modules/yo
64 silly gunzTarPerm modes [ '755', '644' ]
65 error tar.unpack untar error /Users/vignesh/.npm/yo/1.7.0/package.tgz
66 verbose unlock done using /Users/vignesh/.npm/_locks/yo-c80abb7e04f27e35.lock for /usr/local/lib/node_modules/yo
67 verbose fstream_path /usr/local/lib/node_modules/yo
68 verbose fstream_type Directory
69 verbose fstream_class DirWriter
70 verbose stack Error: EACCES: permission denied, mkdir '/usr/local/lib/node_modules/yo'
70 verbose stack     at Error (native)
71 verbose fstream_stack /usr/local/lib/node_modules/npm/node_modules/fstream/lib/dir-writer.js:35:25
71 verbose fstream_stack /usr/local/lib/node_modules/npm/node_modules/mkdirp/index.js:47:53
71 verbose fstream_stack FSReqWrap.oncomplete (fs.js:82:15)
72 verbose cwd /Applications/MAMP/htdocs/Rog
73 error Darwin 14.5.0
74 error argv "/usr/local/bin/node" "/usr/local/bin/npm" "install" "-g" "yo"
75 error node v4.4.3
76 error npm  v2.15.1
77 error path /usr/local/lib/node_modules/yo
78 error code EACCES
79 error errno -13
80 error syscall mkdir
81 error Error: EACCES: permission denied, mkdir '/usr/local/lib/node_modules/yo'
81 error     at Error (native)
81 error  { [Error: EACCES: permission denied, mkdir '/usr/local/lib/node_modules/yo']
81 error   errno: -13,
81 error   code: 'EACCES',
81 error   syscall: 'mkdir',
81 error   path: '/usr/local/lib/node_modules/yo',
81 error   fstream_type: 'Directory',
81 error   fstream_path: '/usr/local/lib/node_modules/yo',
81 error   fstream_class: 'DirWriter',
81 error   fstream_stack:
81 error    [ '/usr/local/lib/node_modules/npm/node_modules/fstream/lib/dir-writer.js:35:25',
81 error      '/usr/local/lib/node_modules/npm/node_modules/mkdirp/index.js:47:53',
81 error      'FSReqWrap.oncomplete (fs.js:82:15)' ] }
82 error Please try running this command again as root/Administrator.
83 verbose exit [ -13, true ]
84 verbose unbuild lib/node_modules/yo
85 silly gentlyRm /usr/local/lib/node_modules/yo is being purged from base /usr/local
86 verbose gentlyRm don't care about contents; nuking /usr/local/lib/node_modules/yo
